================================================================================
HPLinpack 2.1  --  High-Performance Linpack benchmark  --   October 26, 2012
Written by A. Petitet and R. Clint Whaley,  Innovative Computing Laboratory, UTK
Modified by Piotr Luszczek, Innovative Computing Laboratory, UTK
Modified by Julien Langou, University of Colorado Denver
================================================================================

An explanation of the input/output parameters follows:
T/V    : Wall time / encoded variant.
N      : The order of the coefficient matrix A.
NB     : The partitioning blocking factor.
P      : The number of process rows.
Q      : The number of process columns.
Time   : Time in seconds to solve the linear system.
Gflops : Rate of execution for solving the linear system.

The following parameter values will be used:

N      :    4000     8000 
NB     :      50      100 
PMAP   : Row-major process mapping
P      :       2        1        4 
Q      :       2        4        1 
PFACT  :    Left    Crout    Right 
NBMIN  :       2        4 
NDIV   :       2 
RFACT  :    Left    Crout    Right 
BCAST  :   1ring 
DEPTH  :       0 
SWAP   : Mix (threshold = 64)
L1     : transposed form
U      : transposed form
EQUIL  : yes
ALIGN  : 8 double precision words

--------------------------------------------------------------------------------

- The matrix A is randomly generated for each test.
- The following scaled residual check will be computed:
      ||Ax-b||_oo / ( eps * ( || x ||_oo * || A ||_oo + || b ||_oo ) * N )
- The relative machine precision (eps) is taken to be               1.110223e-16
- Computational tests pass if scaled residuals are less than                16.0

================================================================================
T/V                N    NB     P     Q               Time                 Gflops
--------------------------------------------------------------------------------
WR00L2L2        4000    50     2     2               1.45              2.945e+01
HPL_pdgesv() start time Tue Oct 22 17:22:04 2013

HPL_pdgesv() end time   Tue Oct 22 17:22:06 2013

--------------------------------------------------------------------------------
||Ax-b||_oo/(eps*(||A||_oo*||x||_oo+||b||_oo)*N)=        0.0044219 ...... PASSED
================================================================================
T/V                N    NB     P     Q               Time                 Gflops
--------------------------------------------------------------------------------
WR00L2L4        4000    50     2     2               1.42              3.001e+01
HPL_pdgesv() start time Tue Oct 22 17:22:06 2013

HPL_pdgesv() end time   Tue Oct 22 17:22:07 2013

--------------------------------------------------------------------------------
||Ax-b||_oo/(eps*(||A||_oo*||x||_oo+||b||_oo)*N)=        0.0055111 ...... PASSED
================================================================================
T/V                N    NB     P     Q               Time                 Gflops
--------------------------------------------------------------------------------
WR00L2C2        4000    50     2     2               1.46              2.934e+01
HPL_pdgesv() start time Tue Oct 22 17:22:08 2013

HPL_pdgesv() end time   Tue Oct 22 17:22:09 2013

--------------------------------------------------------------------------------
||Ax-b||_oo/(eps*(||A||_oo*||x||_oo+||b||_oo)*N)=        0.0044219 ...... PASSED
================================================================================
T/V                N    NB     P     Q               Time                 Gflops
--------------------------------------------------------------------------------
WR00L2C4        4000    50     2     2               1.42              3.003e+01
HPL_pdgesv() start time Tue Oct 22 17:22:10 2013

HPL_pdgesv() end time   Tue Oct 22 17:22:11 2013

--------------------------------------------------------------------------------
||Ax-b||_oo/(eps*(||A||_oo*||x||_oo+||b||_oo)*N)=        0.0055111 ...... PASSED
================================================================================
T/V                N    NB     P     Q               Time                 Gflops
--------------------------------------------------------------------------------
WR00L2R2        4000    50     2     2               1.48              2.893e+01
HPL_pdgesv() start time Tue Oct 22 17:22:11 2013

HPL_pdgesv() end time   Tue Oct 22 17:22:13 2013

--------------------------------------------------------------------------------
||Ax-b||_oo/(eps*(||A||_oo*||x||_oo+||b||_oo)*N)=        0.0044219 ...... PASSED
================================================================================
T/V                N    NB     P     Q               Time                 Gflops
--------------------------------------------------------------------------------
WR00L2R4        4000    50     2     2               1.42              2.997e+01
HPL_pdgesv() start time Tue Oct 22 17:22:13 2013

HPL_pdgesv() end time   Tue Oct 22 17:22:15 2013

--------------------------------------------------------------------------------
||Ax-b||_oo/(eps*(||A||_oo*||x||_oo+||b||_oo)*N)=        0.0055111 ...... PASSED
================================================================================
T/V                N    NB     P     Q               Time                 Gflops
--------------------------------------------------------------------------------
WR00C2L2        4000    50     2     2               1.48              2.877e+01
HPL_pdgesv() start time Tue Oct 22 17:22:15 2013

HPL_pdgesv() end time   Tue Oct 22 17:22:17 2013

--------------------------------------------------------------------------------
||Ax-b||_oo/(eps*(||A||_oo*||x||_oo+||b||_oo)*N)=        0.0044219 ...... PASSED
================================================================================
T/V                N    NB     P     Q               Time                 Gflops
--------------------------------------------------------------------------------
WR00C2L4        4000    50     2     2               1.48              2.877e+01
HPL_pdgesv() start time Tue Oct 22 17:22:17 2013

HPL_pdgesv() end time   Tue Oct 22 17:22:19 2013

--------------------------------------------------------------------------------
||Ax-b||_oo/(eps*(||A||_oo*||x||_oo+||b||_oo)*N)=        0.0055111 ...... PASSED
================================================================================
T/V                N    NB     P     Q               Time                 Gflops
--------------------------------------------------------------------------------
WR00C2C2        4000    50     2     2               1.59              2.683e+01
HPL_pdgesv() start time Tue Oct 22 17:22:19 2013

HPL_pdgesv() end time   Tue Oct 22 17:22:21 2013

--------------------------------------------------------------------------------
||Ax-b||_oo/(eps*(||A||_oo*||x||_oo+||b||_oo)*N)=        0.0044219 ...... PASSED
================================================================================
T/V                N    NB     P     Q               Time                 Gflops
--------------------------------------------------------------------------------
WR00C2C4        4000    50     2     2               1.72              2.488e+01
HPL_pdgesv() start time Tue Oct 22 17:22:21 2013

HPL_pdgesv() end time   Tue Oct 22 17:22:23 2013

--------------------------------------------------------------------------------
||Ax-b||_oo/(eps*(||A||_oo*||x||_oo+||b||_oo)*N)=        0.0055111 ...... PASSED
================================================================================
T/V                N    NB     P     Q               Time                 Gflops
--------------------------------------------------------------------------------
WR00C2R2        4000    50     2     2               1.91              2.240e+01
HPL_pdgesv() start time Tue Oct 22 17:22:23 2013

HPL_pdgesv() end time   Tue Oct 22 17:22:25 2013

--------------------------------------------------------------------------------
||Ax-b||_oo/(eps*(||A||_oo*||x||_oo+||b||_oo)*N)=        0.0044219 ...... PASSED
================================================================================
T/V                N    NB     P     Q               Time                 Gflops
--------------------------------------------------------------------------------
WR00C2R4        4000    50     2     2               1.61              2.650e+01
HPL_pdgesv() start time Tue Oct 22 17:22:25 2013

HPL_pdgesv() end time   Tue Oct 22 17:22:27 2013

--------------------------------------------------------------------------------
||Ax-b||_oo/(eps*(||A||_oo*||x||_oo+||b||_oo)*N)=        0.0055111 ...... PASSED
================================================================================
T/V                N    NB     P     Q               Time                 Gflops
--------------------------------------------------------------------------------
WR00R2L2        4000    50     2     2               1.60              2.674e+01
HPL_pdgesv() start time Tue Oct 22 17:22:27 2013

HPL_pdgesv() end time   Tue Oct 22 17:22:29 2013

--------------------------------------------------------------------------------
||Ax-b||_oo/(eps*(||A||_oo*||x||_oo+||b||_oo)*N)=        0.0044219 ...... PASSED
================================================================================
T/V                N    NB     P     Q               Time                 Gflops
--------------------------------------------------------------------------------
WR00R2L4        4000    50     2     2               1.58              2.695e+01
HPL_pdgesv() start time Tue Oct 22 17:22:29 2013

HPL_pdgesv() end time   Tue Oct 22 17:22:31 2013

--------------------------------------------------------------------------------
||Ax-b||_oo/(eps*(||A||_oo*||x||_oo+||b||_oo)*N)=        0.0055111 ...... PASSED
================================================================================
T/V                N    NB     P     Q               Time                 Gflops
--------------------------------------------------------------------------------
WR00R2C2        4000    50     2     2               1.59              2.680e+01
HPL_pdgesv() start time Tue Oct 22 17:22:31 2013

HPL_pdgesv() end time   Tue Oct 22 17:22:33 2013

--------------------------------------------------------------------------------
||Ax-b||_oo/(eps*(||A||_oo*||x||_oo+||b||_oo)*N)=        0.0044219 ...... PASSED
================================================================================
T/V                N    NB     P     Q               Time                 Gflops
--------------------------------------------------------------------------------
WR00R2C4        4000    50     2     2               1.58              2.698e+01
HPL_pdgesv() start time Tue Oct 22 17:22:33 2013

HPL_pdgesv() end time   Tue Oct 22 17:22:35 2013

--------------------------------------------------------------------------------
||Ax-b||_oo/(eps*(||A||_oo*||x||_oo+||b||_oo)*N)=        0.0055111 ...... PASSED
================================================================================
T/V                N    NB     P     Q               Time                 Gflops
--------------------------------------------------------------------------------
WR00R2R2        4000    50     2     2               1.62              2.636e+01
HPL_pdgesv() start time Tue Oct 22 17:22:35 2013

HPL_pdgesv() end time   Tue Oct 22 17:22:37 2013

--------------------------------------------------------------------------------
||Ax-b||_oo/(eps*(||A||_oo*||x||_oo+||b||_oo)*N)=        0.0044219 ...... PASSED
================================================================================
T/V                N    NB     P     Q               Time                 Gflops
--------------------------------------------------------------------------------
WR00R2R4        4000    50     2     2               1.60              2.665e+01
HPL_pdgesv() start time Tue Oct 22 17:22:37 2013

HPL_pdgesv() end time   Tue Oct 22 17:22:39 2013

--------------------------------------------------------------------------------
||Ax-b||_oo/(eps*(||A||_oo*||x||_oo+||b||_oo)*N)=        0.0055111 ...... PASSED
================================================================================
T/V                N    NB     P     Q               Time                 Gflops
--------------------------------------------------------------------------------
WR00L2L2        4000   100     2     2               1.58              2.702e+01
HPL_pdgesv() start time Tue Oct 22 17:22:39 2013

HPL_pdgesv() end time   Tue Oct 22 17:22:41 2013

--------------------------------------------------------------------------------
||Ax-b||_oo/(eps*(||A||_oo*||x||_oo+||b||_oo)*N)=        0.0055199 ...... PASSED
================================================================================
T/V                N    NB     P     Q               Time                 Gflops
--------------------------------------------------------------------------------
WR00L2L4        4000   100     2     2               1.55              2.750e+01
HPL_pdgesv() start time Tue Oct 22 17:22:41 2013

HPL_pdgesv() end time   Tue Oct 22 17:22:43 2013

--------------------------------------------------------------------------------
||Ax-b||_oo/(eps*(||A||_oo*||x||_oo+||b||_oo)*N)=        0.0054196 ...... PASSED
================================================================================
T/V                N    NB     P     Q               Time                 Gflops
--------------------------------------------------------------------------------
WR00L2C2        4000   100     2     2               1.59              2.686e+01
HPL_pdgesv() start time Tue Oct 22 17:22:43 2013

HPL_pdgesv() end time   Tue Oct 22 17:22:45 2013

--------------------------------------------------------------------------------
||Ax-b||_oo/(eps*(||A||_oo*||x||_oo+||b||_oo)*N)=        0.0055199 ...... PASSED
================================================================================
T/V                N    NB     P     Q               Time                 Gflops
--------------------------------------------------------------------------------
WR00L2C4        4000   100     2     2               1.55              2.761e+01
HPL_pdgesv() start time Tue Oct 22 17:22:45 2013

HPL_pdgesv() end time   Tue Oct 22 17:22:47 2013

--------------------------------------------------------------------------------
||Ax-b||_oo/(eps*(||A||_oo*||x||_oo+||b||_oo)*N)=        0.0054196 ...... PASSED
================================================================================
T/V                N    NB     P     Q               Time                 Gflops
--------------------------------------------------------------------------------
WR00L2R2        4000   100     2     2               1.60              2.667e+01
HPL_pdgesv() start time Tue Oct 22 17:22:47 2013

HPL_pdgesv() end time   Tue Oct 22 17:22:49 2013

--------------------------------------------------------------------------------
||Ax-b||_oo/(eps*(||A||_oo*||x||_oo+||b||_oo)*N)=        0.0055199 ...... PASSED
================================================================================
T/V                N    NB     P     Q               Time                 Gflops
--------------------------------------------------------------------------------
WR00L2R4        4000   100     2     2               1.56              2.740e+01
HPL_pdgesv() start time Tue Oct 22 17:22:49 2013

HPL_pdgesv() end time   Tue Oct 22 17:22:51 2013

--------------------------------------------------------------------------------
||Ax-b||_oo/(eps*(||A||_oo*||x||_oo+||b||_oo)*N)=        0.0054196 ...... PASSED
================================================================================
T/V                N    NB     P     Q               Time                 Gflops
--------------------------------------------------------------------------------
WR00C2L2        4000   100     2     2               1.65              2.591e+01
HPL_pdgesv() start time Tue Oct 22 17:22:51 2013

HPL_pdgesv() end time   Tue Oct 22 17:22:53 2013

--------------------------------------------------------------------------------
||Ax-b||_oo/(eps*(||A||_oo*||x||_oo+||b||_oo)*N)=        0.0055199 ...... PASSED
================================================================================
T/V                N    NB     P     Q               Time                 Gflops
--------------------------------------------------------------------------------
WR00C2L4        4000   100     2     2               1.58              2.710e+01
HPL_pdgesv() start time Tue Oct 22 17:22:53 2013

HPL_pdgesv() end time   Tue Oct 22 17:22:55 2013

--------------------------------------------------------------------------------
||Ax-b||_oo/(eps*(||A||_oo*||x||_oo+||b||_oo)*N)=        0.0054196 ...... PASSED
================================================================================
T/V                N    NB     P     Q               Time                 Gflops
--------------------------------------------------------------------------------
WR00C2C2        4000   100     2     2               1.62              2.637e+01
HPL_pdgesv() start time Tue Oct 22 17:22:55 2013

HPL_pdgesv() end time   Tue Oct 22 17:22:57 2013

--------------------------------------------------------------------------------
||Ax-b||_oo/(eps*(||A||_oo*||x||_oo+||b||_oo)*N)=        0.0055199 ...... PASSED
================================================================================
T/V                N    NB     P     Q               Time                 Gflops
--------------------------------------------------------------------------------
WR00C2C4        4000   100     2     2               1.54              2.765e+01
HPL_pdgesv() start time Tue Oct 22 17:22:58 2013

HPL_pdgesv() end time   Tue Oct 22 17:22:59 2013

--------------------------------------------------------------------------------
||Ax-b||_oo/(eps*(||A||_oo*||x||_oo+||b||_oo)*N)=        0.0054196 ...... PASSED
================================================================================
T/V                N    NB     P     Q               Time                 Gflops
--------------------------------------------------------------------------------
WR00C2R2        4000   100     2     2               1.61              2.655e+01
HPL_pdgesv() start time Tue Oct 22 17:22:59 2013

HPL_pdgesv() end time   Tue Oct 22 17:23:01 2013

--------------------------------------------------------------------------------
||Ax-b||_oo/(eps*(||A||_oo*||x||_oo+||b||_oo)*N)=        0.0055199 ...... PASSED
================================================================================
T/V                N    NB     P     Q               Time                 Gflops
--------------------------------------------------------------------------------
WR00C2R4        4000   100     2     2               1.56              2.732e+01
HPL_pdgesv() start time Tue Oct 22 17:23:02 2013

HPL_pdgesv() end time   Tue Oct 22 17:23:03 2013

--------------------------------------------------------------------------------
||Ax-b||_oo/(eps*(||A||_oo*||x||_oo+||b||_oo)*N)=        0.0054196 ...... PASSED
================================================================================
T/V                N    NB     P     Q               Time                 Gflops
--------------------------------------------------------------------------------
WR00R2L2        4000   100     2     2               1.87              2.286e+01
HPL_pdgesv() start time Tue Oct 22 17:23:04 2013

HPL_pdgesv() end time   Tue Oct 22 17:23:05 2013

--------------------------------------------------------------------------------
||Ax-b||_oo/(eps*(||A||_oo*||x||_oo+||b||_oo)*N)=        0.0055199 ...... PASSED
================================================================================
T/V                N    NB     P     Q               Time                 Gflops
--------------------------------------------------------------------------------
WR00R2L4        4000   100     2     2               1.67              2.557e+01
HPL_pdgesv() start time Tue Oct 22 17:23:06 2013

HPL_pdgesv() end time   Tue Oct 22 17:23:07 2013

--------------------------------------------------------------------------------
||Ax-b||_oo/(eps*(||A||_oo*||x||_oo+||b||_oo)*N)=        0.0054196 ...... PASSED
================================================================================
T/V                N    NB     P     Q               Time                 Gflops
--------------------------------------------------------------------------------
WR00R2C2        4000   100     2     2               1.65              2.589e+01
HPL_pdgesv() start time Tue Oct 22 17:23:08 2013

HPL_pdgesv() end time   Tue Oct 22 17:23:10 2013

--------------------------------------------------------------------------------
||Ax-b||_oo/(eps*(||A||_oo*||x||_oo+||b||_oo)*N)=        0.0055199 ...... PASSED
================================================================================
T/V                N    NB     P     Q               Time                 Gflops
--------------------------------------------------------------------------------
WR00R2C4        4000   100     2     2               1.57              2.721e+01
HPL_pdgesv() start time Tue Oct 22 17:23:10 2013

HPL_pdgesv() end time   Tue Oct 22 17:23:12 2013

--------------------------------------------------------------------------------
||Ax-b||_oo/(eps*(||A||_oo*||x||_oo+||b||_oo)*N)=        0.0054196 ...... PASSED
================================================================================
T/V                N    NB     P     Q               Time                 Gflops
--------------------------------------------------------------------------------
WR00R2R2        4000   100     2     2               1.61              2.645e+01
HPL_pdgesv() start time Tue Oct 22 17:23:12 2013

HPL_pdgesv() end time   Tue Oct 22 17:23:14 2013

--------------------------------------------------------------------------------
||Ax-b||_oo/(eps*(||A||_oo*||x||_oo+||b||_oo)*N)=        0.0055199 ...... PASSED
================================================================================
T/V                N    NB     P     Q               Time                 Gflops
--------------------------------------------------------------------------------
WR00R2R4        4000   100     2     2               1.57              2.714e+01
HPL_pdgesv() start time Tue Oct 22 17:23:14 2013

HPL_pdgesv() end time   Tue Oct 22 17:23:16 2013

--------------------------------------------------------------------------------
||Ax-b||_oo/(eps*(||A||_oo*||x||_oo+||b||_oo)*N)=        0.0054196 ...... PASSED
================================================================================
T/V                N    NB     P     Q               Time                 Gflops
--------------------------------------------------------------------------------
WR00L2L2        8000    50     2     2              11.60              2.943e+01
HPL_pdgesv() start time Tue Oct 22 17:23:17 2013

HPL_pdgesv() end time   Tue Oct 22 17:23:28 2013

--------------------------------------------------------------------------------
||Ax-b||_oo/(eps*(||A||_oo*||x||_oo+||b||_oo)*N)=        0.0050620 ...... PASSED
================================================================================
T/V                N    NB     P     Q               Time                 Gflops
--------------------------------------------------------------------------------
WR00L2L4        8000    50     2     2              11.63              2.936e+01
HPL_pdgesv() start time Tue Oct 22 17:23:30 2013

HPL_pdgesv() end time   Tue Oct 22 17:23:42 2013

--------------------------------------------------------------------------------
||Ax-b||_oo/(eps*(||A||_oo*||x||_oo+||b||_oo)*N)=        0.0044771 ...... PASSED
================================================================================
T/V                N    NB     P     Q               Time                 Gflops
--------------------------------------------------------------------------------
WR00L2C2        8000    50     2     2              11.66              2.927e+01
HPL_pdgesv() start time Tue Oct 22 17:23:43 2013

HPL_pdgesv() end time   Tue Oct 22 17:23:55 2013

--------------------------------------------------------------------------------
||Ax-b||_oo/(eps*(||A||_oo*||x||_oo+||b||_oo)*N)=        0.0050620 ...... PASSED
================================================================================
T/V                N    NB     P     Q               Time                 Gflops
--------------------------------------------------------------------------------
WR00L2C4        8000    50     2     2              11.43              2.988e+01
HPL_pdgesv() start time Tue Oct 22 17:23:57 2013

HPL_pdgesv() end time   Tue Oct 22 17:24:08 2013

--------------------------------------------------------------------------------
||Ax-b||_oo/(eps*(||A||_oo*||x||_oo+||b||_oo)*N)=        0.0044771 ...... PASSED
